# JRE version: OpenJDK Runtime Environment (17.0.1+12) (build 17.0.1+12-39)
# Java VM: OpenJDK 64-Bit Server VM (17.0.1+12-39, mixed mode, sharing, tiered, compressed oops, compressed class ptrs, g1 gc, windows-amd64)
GC Precious Log:
 CPUs: 8 total, 8 available
 Memory: 16111M
 Large Page Support: Disabled
 NUMA Support: Disabled
 Compressed Oops: Enabled (32-bit)
 Heap Region Size: 1M
 Heap Min Capacity: 8M
 Heap Initial Capacity: 252M
 Heap Max Capacity: 1000M
 Pre-touch: Disabled
 Parallel Workers: 8
 Concurrent Workers: 2
 Concurrent Refinement Workers: 8
 Periodic GC: Disabled
Heap:
 garbage-first heap   total 258048K, used 112587K [0x00000000c1800000, 0x0000000100000000)
  region size 1024K, 6 young (6144K), 4 survivors (4096K)
 Metaspace       used 7252K, committed 7360K, reserved 1056768K
  class space    used 687K, committed 768K, reserved 1048576K
GC Heap History (20 events):
Event: 0.641 GC heap before
{Heap before GC invocations=0 (full 0):
 garbage-first heap   total 258048K, used 22528K [0x00000000c1800000, 0x0000000100000000)
  region size 1024K, 23 young (23552K), 0 survivors (0K)
 Metaspace       used 5754K, committed 5952K, reserved 1056768K
  class space    used 562K, committed 640K, reserved 1048576K
}
Event: 0.645 GC heap after
{Heap after GC invocations=1 (full 0):
 garbage-first heap   total 258048K, used 7002K [0x00000000c1800000, 0x0000000100000000)
  region size 1024K, 3 young (3072K), 3 survivors (3072K)
 Metaspace       used 5754K, committed 5952K, reserved 1056768K
  class space    used 562K, committed 640K, reserved 1048576K
}
Event: 0.928 GC heap before
{Heap before GC invocations=1 (full 0):
 garbage-first heap   total 258048K, used 31578K [0x00000000c1800000, 0x0000000100000000)
  region size 1024K, 28 young (28672K), 3 survivors (3072K)
 Metaspace       used 5767K, committed 5952K, reserved 1056768K
  class space    used 562K, committed 640K, reserved 1048576K
}
Event: 0.934 GC heap after
{Heap after GC invocations=2 (full 0):
 garbage-first heap   total 258048K, used 22136K [0x00000000c1800000, 0x0000000100000000)
  region size 1024K, 4 young (4096K), 4 survivors (4096K)
 Metaspace       used 5767K, committed 5952K, reserved 1056768K
  class space    used 562K, committed 640K, reserved 1048576K
}
Event: 1.229 GC heap before
{Heap before GC invocations=2 (full 0):
 garbage-first heap   total 258048K, used 49784K [0x00000000c1800000, 0x0000000100000000)
  region size 1024K, 30 young (30720K), 4 survivors (4096K)
 Metaspace       used 5767K, committed 5952K, reserved 1056768K
  class space    used 562K, committed 640K, reserved 1048576K
}
Event: 1.236 GC heap after
{Heap after GC invocations=3 (full 0):
 garbage-first heap   total 258048K, used 39629K [0x00000000c1800000, 0x0000000100000000)
  region size 1024K, 4 young (4096K), 4 survivors (4096K)
 Metaspace       used 5767K, committed 5952K, reserved 1056768K
  class space    used 562K, committed 640K, reserved 1048576K
}
Event: 1.606 GC heap before
{Heap before GC invocations=3 (full 0):
 garbage-first heap   total 258048K, used 71373K [0x00000000c1800000, 0x0000000100000000)
  region size 1024K, 34 young (34816K), 4 survivors (4096K)
 Metaspace       used 5767K, committed 5952K, reserved 1056768K
  class space    used 562K, committed 640K, reserved 1048576K
}
Event: 1.616 GC heap after
{Heap after GC invocations=4 (full 0):
 garbage-first heap   total 258048K, used 60335K [0x00000000c1800000, 0x0000000100000000)
  region size 1024K, 5 young (5120K), 5 survivors (5120K)
 Metaspace       used 5767K, committed 5952K, reserved 1056768K
  class space    used 562K, committed 640K, reserved 1048576K
}
Event: 2.134 GC heap before
{Heap before GC invocations=4 (full 0):
 garbage-first heap   total 258048K, used 106415K [0x00000000c1800000, 0x0000000100000000)
  region size 1024K, 48 young (49152K), 5 survivors (5120K)
 Metaspace       used 5767K, committed 5952K, reserved 1056768K
  class space    used 562K, committed 640K, reserved 1048576K
}
Event: 2.144 GC heap after
{Heap after GC invocations=5 (full 0):
 garbage-first heap   total 258048K, used 91136K [0x00000000c1800000, 0x0000000100000000)
  region size 1024K, 6 young (6144K), 6 survivors (6144K)
 Metaspace       used 5767K, committed 5952K, reserved 1056768K
  class space    used 562K, committed 640K, reserved 1048576K
}
Event: 2.611 GC heap before
{Heap before GC invocations=5 (full 0):
 garbage-first heap   total 258048K, used 143360K [0x00000000c1800000, 0x0000000100000000)
  region size 1024K, 54 young (55296K), 6 survivors (6144K)
 Metaspace       used 6584K, committed 6720K, reserved 1056768K
  class space    used 632K, committed 704K, reserved 1048576K
}
Event: 2.616 GC heap after
{Heap after GC invocations=6 (full 0):
 garbage-first heap   total 258048K, used 101367K [0x00000000c1800000, 0x0000000100000000)
  region size 1024K, 6 young (6144K), 6 survivors (6144K)
 Metaspace       used 6584K, committed 6720K, reserved 1056768K
  class space    used 632K, committed 704K, reserved 1048576K
}
Event: 79.057 GC heap before
{Heap before GC invocations=6 (full 0):
 garbage-first heap   total 258048K, used 167927K [0x00000000c1800000, 0x0000000100000000)
  region size 1024K, 57 young (58368K), 6 survivors (6144K)
 Metaspace       used 6914K, committed 7104K, reserved 1056768K
  class space    used 652K, committed 768K, reserved 1048576K
}
Event: 79.060 GC heap after
{Heap after GC invocations=7 (full 0):
 garbage-first heap   total 258048K, used 102665K [0x00000000c1800000, 0x0000000100000000)
  region size 1024K, 4 young (4096K), 4 survivors (4096K)
 Metaspace       used 6914K, committed 7104K, reserved 1056768K
  class space    used 652K, committed 768K, reserved 1048576K
}
Event: 99.631 GC heap before
{Heap before GC invocations=7 (full 0):
 garbage-first heap   total 258048K, used 193801K [0x00000000c1800000, 0x0000000100000000)
  region size 1024K, 79 young (80896K), 4 survivors (4096K)
 Metaspace       used 6916K, committed 7104K, reserved 1056768K
  class space    used 652K, committed 768K, reserved 1048576K
}
Event: 99.633 GC heap after
{Heap after GC invocations=8 (full 0):
 garbage-first heap   total 258048K, used 102537K [0x00000000c1800000, 0x0000000100000000)
  region size 1024K, 4 young (4096K), 4 survivors (4096K)
 Metaspace       used 6916K, committed 7104K, reserved 1056768K
  class space    used 652K, committed 768K, reserved 1048576K
}
Event: 108.389 GC heap before
{Heap before GC invocations=8 (full 0):
 garbage-first heap   total 258048K, used 200841K [0x00000000c1800000, 0x0000000100000000)
  region size 1024K, 84 young (86016K), 4 survivors (4096K)
 Metaspace       used 6919K, committed 7104K, reserved 1056768K
  class space    used 652K, committed 768K, reserved 1048576K
}
Event: 108.392 GC heap after
{Heap after GC invocations=9 (full 0):
 garbage-first heap   total 258048K, used 103390K [0x00000000c1800000, 0x0000000100000000)
  region size 1024K, 4 young (4096K), 4 survivors (4096K)
 Metaspace       used 6919K, committed 7104K, reserved 1056768K
  class space    used 652K, committed 768K, reserved 1048576K
}
Event: 208.251 GC heap before
{Heap before GC invocations=9 (full 0):
 garbage-first heap   total 258048K, used 184286K [0x00000000c1800000, 0x0000000100000000)
  region size 1024K, 68 young (69632K), 4 survivors (4096K)
 Metaspace       used 6939K, committed 7168K, reserved 1056768K
  class space    used 652K, committed 768K, reserved 1048576K
}
Event: 208.253 GC heap after
{Heap after GC invocations=10 (full 0):
 garbage-first heap   total 258048K, used 105419K [0x00000000c1800000, 0x0000000100000000)
  region size 1024K, 4 young (4096K), 4 survivors (4096K)
 Metaspace       used 6939K, committed 7168K, reserved 1056768K
  class space    used 652K, committed 768K, reserved 1048576K
}

